<?xml version="1.0" encoding="UTF-8"?>
<testng-results ignored="0" total="2" passed="2" failed="0" skipped="0">
  <reporter-output>
  </reporter-output>
  <suite started-at="2019-09-25T16:17:49 PDT" name="Suite" finished-at="2019-09-25T16:17:56 PDT" duration-ms="7376">
    <groups>
    </groups>
    <test started-at="2019-09-25T16:17:49 PDT" name="Test" finished-at="2019-09-25T16:17:56 PDT" duration-ms="7376">
      <class name="jenkinssamp.samp">
        <test-method signature="print()[pri:0, instance:jenkinssamp.samp@198b6731]" started-at="2019-09-25T16:17:49 PDT" name="print" finished-at="2019-09-25T16:17:56 PDT" duration-ms="7317" status="PASS">
          <reporter-output>
          </reporter-output>
        </test-method> <!-- print -->
      </class> <!-- jenkinssamp.samp -->
    </test> <!-- Test -->
  </suite> <!-- Suite -->
  <suite started-at="2019-09-25T16:17:56 PDT" name="Suite (0)" finished-at="2019-09-25T16:18:00 PDT" duration-ms="3986">
    <groups>
    </groups>
    <test started-at="2019-09-25T16:17:56 PDT" name="Test" finished-at="2019-09-25T16:18:00 PDT" duration-ms="3986">
      <class name="jenkinssamp.samp">
        <test-method signature="print()[pri:0, instance:jenkinssamp.samp@3bd82cf5]" started-at="2019-09-25T16:17:56 PDT" name="print" finished-at="2019-09-25T16:18:00 PDT" duration-ms="3986" status="PASS">
          <reporter-output>
          </reporter-output>
        </test-method> <!-- print -->
      </class> <!-- jenkinssamp.samp -->
    </test> <!-- Test -->
  </suite> <!-- Suite (0) -->
</testng-results>
