<?xml version="1.0" encoding="UTF-8"?>
<testng-results ignored="0" total="1" passed="1" failed="0" skipped="0">
  <reporter-output>
  </reporter-output>
  <suite started-at="2019-09-25T15:11:08 PDT" name="Suite" finished-at="2019-09-25T15:11:16 PDT" duration-ms="7851">
    <groups>
    </groups>
    <test started-at="2019-09-25T15:11:08 PDT" name="Test" finished-at="2019-09-25T15:11:16 PDT" duration-ms="7851">
      <class name="jenkinssamp.samp">
        <test-method signature="print()[pri:0, instance:jenkinssamp.samp@6aaceffd]" started-at="2019-09-25T15:11:09 PDT" name="print" finished-at="2019-09-25T15:11:16 PDT" duration-ms="7794" status="PASS">
          <reporter-output>
          </reporter-output>
        </test-method> <!-- print -->
      </class> <!-- jenkinssamp.samp -->
    </test> <!-- Test -->
  </suite> <!-- Suite -->
</testng-results>
